[17:53:14] [Client thread/INFO] Setting user: Player907
[17:53:14] [Client thread/INFO] (Session ID is token:0:Player907)
[17:53:15] [Client thread/INFO] [OptiFine] *** Reflector Forge ***
[17:53:15] [Client thread/INFO] [OptiFine] *** Reflector Vanilla ***
[17:53:15] [Client thread/INFO] LWJGL Version: 2.9.4
[17:53:15] [Client thread/INFO] [OptiFine] 
[17:53:15] [Client thread/INFO] [OptiFine] OptiFine_1.8.9_HD_U_M6_pre1
[17:53:15] [Client thread/INFO] [OptiFine] Build: 20210124-163719
[17:53:15] [Client thread/INFO] [OptiFine] OS: Windows 10 (amd64) version 10.0
[17:53:15] [Client thread/INFO] [OptiFine] Java: 1.8.0_131, Oracle Corporation
[17:53:15] [Client thread/INFO] [OptiFine] VM: Java HotSpot(TM) 64-Bit Server VM (mixed mode), Oracle Corporation
[17:53:15] [Client thread/INFO] [OptiFine] LWJGL: 2.9.4
[17:53:15] [Client thread/INFO] [OptiFine] OpenGL: Intel(R) UHD Graphics 630, version 4.6.0 - Build 26.20.100.7642, Intel
[17:53:15] [Client thread/INFO] [OptiFine] OpenGL Version: 4.6.0
[17:53:15] [Client thread/INFO] [OptiFine] OpenGL Fancy fog: Not available (GL_NV_fog_distance)
[17:53:15] [Client thread/INFO] [OptiFine] Maximum texture size: 8192x8192
[17:53:15] [VersionCheck/INFO] [OptiFine] Checking for new version
[17:53:16] [Client thread/INFO] [Shaders] OpenGL Version: 4.6.0 - Build 26.20.100.7642
[17:53:16] [Client thread/INFO] [Shaders] Vendor:  Intel
[17:53:16] [Client thread/INFO] [Shaders] Renderer: Intel(R) UHD Graphics 630
[17:53:16] [Client thread/INFO] [Shaders] Capabilities:  2.0  2.1  3.0  3.2  4.0 
[17:53:16] [Client thread/INFO] [Shaders] GL_MAX_DRAW_BUFFERS: 8
[17:53:16] [Client thread/INFO] [Shaders] GL_MAX_COLOR_ATTACHMENTS_EXT: 8
[17:53:16] [Client thread/INFO] [Shaders] GL_MAX_TEXTURE_IMAGE_UNITS: 32
[17:53:16] [Client thread/INFO] [Shaders] Load shaders configuration.
[17:53:16] [Client thread/INFO] [Shaders] Save shaders configuration.
[17:53:16] [Client thread/INFO] [Shaders] No shaderpack loaded.
[17:53:16] [Client thread/INFO] [OptiFine] [Shaders] Delayed loading of block mappings after resources are loaded
[17:53:16] [Client thread/INFO] [OptiFine] [Shaders] Delayed loading of item mappings after resources are loaded
[17:53:16] [Client thread/INFO] [OptiFine] [Shaders] Delayed loading of entity mappings after resources are loaded
[17:53:16] [Client thread/INFO] Reloading ResourceManager: Default
[17:53:16] [Client thread/INFO] [OptiFine] *** Reloading textures ***
[17:53:16] [Client thread/INFO] [OptiFine] Resource packs: Default
[17:53:16] [Client thread/INFO] [OptiFine] (Reflector) Method not present: net.minecraft.client.renderer.vertex.VertexFormatElement$EnumUsage.preDraw
[17:53:16] [Client thread/INFO] [OptiFine] (Reflector) Method not present: net.minecraft.client.renderer.vertex.VertexFormatElement$EnumUsage.postDraw
[17:53:16] [Sound Library Loader/INFO] Starting up SoundSystem...
[17:53:16] [Thread-6/INFO] Initializing LWJGL OpenAL
[17:53:16] [Thread-6/INFO] (The LWJGL binding of OpenAL.  For more information, see http://www.lwjgl.org)
[17:53:16] [Thread-6/INFO] OpenAL initialized.
[17:53:16] [Sound Library Loader/INFO] Sound engine started
[17:53:18] [Client thread/INFO] [OptiFine] Mipmap levels: 4
[17:53:18] [Client thread/INFO] [OptiFine] Multitexture: false
[17:53:18] [Client thread/INFO] [OptiFine] ConnectedTextures: mcpatcher/ctm/default/0_glass_white/glass_pane_white.properties
[17:53:18] [Client thread/INFO] [OptiFine] ConnectedTextures: mcpatcher/ctm/default/0_glass_white/glass_white.properties
[17:53:18] [Client thread/INFO] [OptiFine] ConnectedTextures: mcpatcher/ctm/default/10_glass_purple/glass_pane_purple.properties
[17:53:18] [Client thread/INFO] [OptiFine] ConnectedTextures: mcpatcher/ctm/default/10_glass_purple/glass_purple.properties
[17:53:18] [Client thread/INFO] [OptiFine] ConnectedTextures: mcpatcher/ctm/default/11_glass_blue/glass_blue.properties
[17:53:18] [Client thread/INFO] [OptiFine] ConnectedTextures: mcpatcher/ctm/default/11_glass_blue/glass_pane_blue.properties
[17:53:18] [Client thread/INFO] [OptiFine] ConnectedTextures: mcpatcher/ctm/default/12_glass_brown/glass_brown.properties
[17:53:18] [Client thread/INFO] [OptiFine] ConnectedTextures: mcpatcher/ctm/default/12_glass_brown/glass_pane_brown.properties
[17:53:18] [Client thread/INFO] [OptiFine] ConnectedTextures: mcpatcher/ctm/default/13_glass_green/glass_green.properties
[17:53:18] [Client thread/INFO] [OptiFine] ConnectedTextures: mcpatcher/ctm/default/13_glass_green/glass_pane_green.properties
[17:53:18] [Client thread/INFO] [OptiFine] ConnectedTextures: mcpatcher/ctm/default/14_glass_red/glass_pane_red.properties
[17:53:18] [Client thread/INFO] [OptiFine] ConnectedTextures: mcpatcher/ctm/default/14_glass_red/glass_red.properties
[17:53:18] [Client thread/INFO] [OptiFine] ConnectedTextures: mcpatcher/ctm/default/15_glass_black/glass_black.properties
[17:53:18] [Client thread/INFO] [OptiFine] ConnectedTextures: mcpatcher/ctm/default/15_glass_black/glass_pane_black.properties
[17:53:18] [Client thread/INFO] [OptiFine] ConnectedTextures: mcpatcher/ctm/default/1_glass_orange/glass_orange.properties
[17:53:18] [Client thread/INFO] [OptiFine] ConnectedTextures: mcpatcher/ctm/default/1_glass_orange/glass_pane_orange.properties
[17:53:18] [Client thread/INFO] [OptiFine] ConnectedTextures: mcpatcher/ctm/default/2_glass_magenta/glass_magenta.properties
[17:53:18] [Client thread/INFO] [OptiFine] ConnectedTextures: mcpatcher/ctm/default/2_glass_magenta/glass_pane_magenta.properties
[17:53:18] [Client thread/INFO] [OptiFine] ConnectedTextures: mcpatcher/ctm/default/3_glass_light_blue/glass_light_blue.properties
[17:53:18] [Client thread/INFO] [OptiFine] ConnectedTextures: mcpatcher/ctm/default/3_glass_light_blue/glass_pane_light_blue.properties
[17:53:18] [Client thread/INFO] [OptiFine] ConnectedTextures: mcpatcher/ctm/default/4_glass_yellow/glass_pane_yellow.properties
[17:53:18] [Client thread/INFO] [OptiFine] ConnectedTextures: mcpatcher/ctm/default/4_glass_yellow/glass_yellow.properties
[17:53:18] [Client thread/INFO] [OptiFine] ConnectedTextures: mcpatcher/ctm/default/5_glass_lime/glass_lime.properties
[17:53:19] [Client thread/INFO] [OptiFine] ConnectedTextures: mcpatcher/ctm/default/5_glass_lime/glass_pane_lime.properties
[17:53:19] [Client thread/INFO] [OptiFine] ConnectedTextures: mcpatcher/ctm/default/6_glass_pink/glass_pane_pink.properties
[17:53:19] [Client thread/INFO] [OptiFine] ConnectedTextures: mcpatcher/ctm/default/6_glass_pink/glass_pink.properties
[17:53:19] [Client thread/INFO] [OptiFine] ConnectedTextures: mcpatcher/ctm/default/7_glass_gray/glass_gray.properties
[17:53:19] [Client thread/INFO] [OptiFine] ConnectedTextures: mcpatcher/ctm/default/7_glass_gray/glass_pane_gray.properties
[17:53:19] [Client thread/INFO] [OptiFine] ConnectedTextures: mcpatcher/ctm/default/8_glass_silver/glass_pane_silver.properties
[17:53:19] [Client thread/INFO] [OptiFine] ConnectedTextures: mcpatcher/ctm/default/8_glass_silver/glass_silver.properties
[17:53:19] [Client thread/INFO] [OptiFine] ConnectedTextures: mcpatcher/ctm/default/9_glass_cyan/glass_cyan.properties
[17:53:19] [Client thread/INFO] [OptiFine] ConnectedTextures: mcpatcher/ctm/default/9_glass_cyan/glass_pane_cyan.properties
[17:53:19] [Client thread/INFO] [OptiFine] ConnectedTextures: mcpatcher/ctm/default/bookshelf.properties
[17:53:19] [Client thread/INFO] [OptiFine] ConnectedTextures: mcpatcher/ctm/default/glass.properties
[17:53:19] [Client thread/INFO] [OptiFine] ConnectedTextures: mcpatcher/ctm/default/glasspane.properties
[17:53:19] [Client thread/INFO] [OptiFine] ConnectedTextures: mcpatcher/ctm/default/sandstone.properties
[17:53:19] [Client thread/INFO] [OptiFine] Multipass connected textures: false
[17:53:19] [Client thread/INFO] [OptiFine] BetterGrass: Parsing default configuration optifine/bettergrass.properties
[17:53:20] [Client thread/INFO] Created: 1024x512 textures-atlas
[17:53:20] [Client thread/INFO] [OptiFine] Animated sprites: 11
[17:53:20] [Client thread/INFO] [OptiFine] (Reflector) Method not present: net.minecraftforge.fml.client.registry.RenderingRegistry.loadEntityRenderers
[17:53:24] [Client thread/INFO] [OptiFine] (Reflector) Class not present: mods.betterfoliage.client.BetterFoliageClient
[17:53:24] [Client thread/INFO] [OptiFine] (Reflector) Method not present: net.minecraft.world.biome.BiomeGenBase.getWaterColorMultiplier
[17:53:24] [Client thread/INFO] [OptiFine] (Reflector) Method not present: net.minecraft.block.Block.addDestroyEffects
[17:53:24] [Client thread/INFO] [OptiFine] (Reflector) Method not present: net.minecraft.block.Block.addHitEffects
[17:53:24] [Client thread/INFO] [OptiFine] (Reflector) Method not present: net.minecraft.block.Block.canCreatureSpawn
[17:53:24] [Client thread/INFO] [OptiFine] (Reflector) Method not present: net.minecraft.block.Block.canRenderInLayer
[17:53:24] [Client thread/INFO] [OptiFine] (Reflector) Method not present: net.minecraft.block.Block.doesSideBlockRendering
[17:53:24] [Client thread/INFO] [OptiFine] (Reflector) Method not present: net.minecraft.block.Block.getBedDirection
[17:53:24] [Client thread/INFO] [OptiFine] (Reflector) Method not present: net.minecraft.block.Block.getExtendedState
[17:53:24] [Client thread/INFO] [OptiFine] (Reflector) Method not present: net.minecraft.block.Block.getLightOpacity
[17:53:24] [Client thread/INFO] [OptiFine] (Reflector) Method not present: net.minecraft.block.Block.getLightValue
[17:53:24] [Client thread/INFO] [OptiFine] (Reflector) Method not present: net.minecraft.block.Block.hasTileEntity
[17:53:24] [Client thread/INFO] [OptiFine] (Reflector) Method not present: net.minecraft.block.Block.isAir
[17:53:24] [Client thread/INFO] [OptiFine] (Reflector) Method not present: net.minecraft.block.Block.isBed
[17:53:24] [Client thread/INFO] [OptiFine] (Reflector) Method not present: net.minecraft.block.Block.isBedFoot
[17:53:24] [Client thread/INFO] [OptiFine] (Reflector) Method not present: net.minecraft.block.Block.isSideSolid
[17:53:24] [Client thread/INFO] [OptiFine] (Reflector) Method not present: net.minecraft.world.ChunkCache.isSideSolid
[17:53:24] [Client thread/INFO] [OptiFine] (Reflector) Method not present: net.minecraft.entity.Entity.canRiderInteract
[17:53:24] [Client thread/INFO] [OptiFine] (Reflector) Field not present: net.minecraft.entity.Entity.captureDrops
[17:53:24] [Client thread/INFO] [OptiFine] (Reflector) Field not present: net.minecraft.entity.Entity.capturedDrops
[17:53:24] [Client thread/INFO] [OptiFine] (Reflector) Method not present: net.minecraft.entity.Entity.shouldRenderInPass
[17:53:24] [Client thread/INFO] [OptiFine] (Reflector) Method not present: net.minecraft.entity.Entity.shouldRiderSit
[17:53:24] [Client thread/INFO] [OptiFine] (Reflector) Field not present: net.minecraft.item.Item.delegate
[17:53:24] [Client thread/INFO] [OptiFine] (Reflector) Method not present: net.minecraft.item.Item.getDurabilityForDisplay
[17:53:24] [Client thread/INFO] [OptiFine] (Reflector) Method not present: net.minecraft.item.Item.getModel
[17:53:24] [Client thread/INFO] [OptiFine] (Reflector) Method not present: net.minecraft.item.Item.onEntitySwing
[17:53:24] [Client thread/INFO] [OptiFine] (Reflector) Method not present: net.minecraft.item.Item.shouldCauseReequipAnimation
[17:53:24] [Client thread/INFO] [OptiFine] (Reflector) Method not present: net.minecraft.item.Item.showDurabilityBar
[17:53:24] [Client thread/INFO] [OptiFine] (Reflector) Method not present: net.minecraft.potion.PotionEffect.isCurativeItem
[17:53:24] [Client thread/INFO] [OptiFine] (Reflector) Method not present: net.minecraft.tileentity.TileEntity.canRenderBreaking
[17:53:24] [Client thread/INFO] [OptiFine] (Reflector) Method not present: net.minecraft.tileentity.TileEntity.getRenderBoundingBox
[17:53:24] [Client thread/INFO] [OptiFine] (Reflector) Method not present: net.minecraft.tileentity.TileEntity.hasFastRenderer
[17:53:24] [Client thread/INFO] [OptiFine] (Reflector) Method not present: net.minecraft.tileentity.TileEntity.shouldRenderInPass
[17:53:24] [Client thread/INFO] [OptiFine] (Reflector) Method not present: net.minecraft.world.World.countEntities
[17:53:24] [Client thread/INFO] [OptiFine] (Reflector) Method not present: net.minecraft.world.World.getPerWorldStorage
[17:53:24] [Client thread/INFO] [OptiFine] (Reflector) Method not present: net.minecraft.world.WorldProvider.getCloudRenderer
[17:53:24] [Client thread/INFO] [OptiFine] (Reflector) Method not present: net.minecraft.world.WorldProvider.getSkyRenderer
[17:53:24] [Client thread/INFO] [OptiFine] (Reflector) Method not present: net.minecraft.world.WorldProvider.getWeatherRenderer
[17:53:24] [Client thread/INFO] [OptiFine] (Reflector) Method not present: net.minecraft.world.WorldProvider.getSaveFolder
[17:53:24] [Client thread/INFO] [OptiFine] *** Reloading custom textures ***
[17:53:24] [Client thread/INFO] [OptiFine] Enable face culling: acacia_leaves, birch_leaves, dark_oak_leaves, jungle_leaves, oak_leaves, spruce_leaves
[17:53:27] [VersionCheck/INFO] [OptiFine] Version found: M5
[17:53:28] [Server thread/INFO] Starting integrated minecraft server version 1.9
[17:53:28] [Server thread/INFO] Generating keypair
[17:53:28] [Server thread/INFO] Preparing start region for level 0
[17:53:28] [Server thread/INFO] Changing view distance to 8, from 10
[17:53:29] [Server thread/INFO] Player907[local:E:f50c41b4] logged in with entity id 164 at (195.4525622581354, 78.0, -111.93060944949197)
[17:53:29] [Server thread/INFO] Player907 joined the game
[17:53:29] [Server thread/INFO] Saving and pausing game...
[17:53:29] [Client thread/ERROR] ########## GL ERROR ##########
[17:53:29] [Client thread/ERROR] @ Post render
[17:53:29] [Client thread/ERROR] 1280: Invalid enum
[17:53:29] [Server thread/INFO] Saving chunks for level 'New World'/Overworld
[17:53:29] [Server thread/INFO] Saving chunks for level 'New World'/Nether
[17:53:29] [Server thread/INFO] Saving chunks for level 'New World'/The End
[17:53:29] [Client thread/ERROR] ########## GL ERROR ##########
[17:53:29] [Client thread/ERROR] @ Post render
[17:53:29] [Client thread/ERROR] 1280: Invalid enum
[17:53:29] [Client thread/ERROR] ########## GL ERROR ##########
[17:53:29] [Client thread/ERROR] @ Post render
[17:53:29] [Client thread/ERROR] 1280: Invalid enum
[17:53:29] [Client thread/ERROR] ########## GL ERROR ##########
[17:53:29] [Client thread/ERROR] @ Post render
[17:53:29] [Client thread/ERROR] 1280: Invalid enum
[17:53:29] [Client thread/ERROR] ########## GL ERROR ##########
[17:53:29] [Client thread/ERROR] @ Post render
[17:53:29] [Client thread/ERROR] 1280: Invalid enum
[17:53:29] [Client thread/ERROR] ########## GL ERROR ##########
[17:53:29] [Client thread/ERROR] @ Post render
[17:53:29] [Client thread/ERROR] 1280: Invalid enum
[17:53:29] [Client thread/ERROR] ########## GL ERROR ##########
[17:53:29] [Client thread/ERROR] @ Post render
[17:53:29] [Client thread/ERROR] 1280: Invalid enum
[17:53:30] [Client thread/ERROR] ########## GL ERROR ##########
[17:53:30] [Client thread/ERROR] @ Post render
[17:53:30] [Client thread/ERROR] 1280: Invalid enum
[17:53:30] [Client thread/ERROR] ########## GL ERROR ##########
[17:53:30] [Client thread/ERROR] @ Post render
[17:53:30] [Client thread/ERROR] 1280: Invalid enum
[17:53:30] [Client thread/ERROR] ########## GL ERROR ##########
[17:53:30] [Client thread/ERROR] @ Post render
[17:53:30] [Client thread/ERROR] 1280: Invalid enum
[17:53:30] [Client thread/ERROR] ########## GL ERROR ##########
[17:53:30] [Client thread/ERROR] @ Post render
[17:53:30] [Client thread/ERROR] 1280: Invalid enum
[17:53:30] [Client thread/ERROR] ########## GL ERROR ##########
[17:53:30] [Client thread/ERROR] @ Post render
[17:53:30] [Client thread/ERROR] 1280: Invalid enum
[17:53:30] [Client thread/ERROR] ########## GL ERROR ##########
[17:53:30] [Client thread/ERROR] @ Post render
[17:53:30] [Client thread/ERROR] 1280: Invalid enum
[17:53:30] [Client thread/ERROR] ########## GL ERROR ##########
[17:53:30] [Client thread/ERROR] @ Post render
[17:53:30] [Client thread/ERROR] 1280: Invalid enum
[17:53:30] [Client thread/ERROR] ########## GL ERROR ##########
[17:53:30] [Client thread/ERROR] @ Post render
[17:53:30] [Client thread/ERROR] 1280: Invalid enum
[17:53:30] [Client thread/ERROR] ########## GL ERROR ##########
[17:53:30] [Client thread/ERROR] @ Post render
[17:53:30] [Client thread/ERROR] 1280: Invalid enum
[17:53:30] [Client thread/ERROR] ########## GL ERROR ##########
[17:53:30] [Client thread/ERROR] @ Post render
[17:53:30] [Client thread/ERROR] 1280: Invalid enum
[17:53:30] [Client thread/ERROR] ########## GL ERROR ##########
[17:53:30] [Client thread/ERROR] @ Post render
[17:53:30] [Client thread/ERROR] 1280: Invalid enum
[17:53:30] [Client thread/ERROR] ########## GL ERROR ##########
[17:53:30] [Client thread/ERROR] @ Post render
[17:53:30] [Client thread/ERROR] 1280: Invalid enum
[17:53:30] [Client thread/ERROR] ########## GL ERROR ##########
[17:53:30] [Client thread/ERROR] @ Post render
[17:53:30] [Client thread/ERROR] 1280: Invalid enum
[17:53:30] [Client thread/ERROR] ########## GL ERROR ##########
[17:53:30] [Client thread/ERROR] @ Post render
[17:53:30] [Client thread/ERROR] 1280: Invalid enum
[17:53:30] [Client thread/ERROR] ########## GL ERROR ##########
[17:53:30] [Client thread/ERROR] @ Post render
[17:53:30] [Client thread/ERROR] 1280: Invalid enum
[17:53:30] [Client thread/ERROR] ########## GL ERROR ##########
[17:53:30] [Client thread/ERROR] @ Post render
[17:53:30] [Client thread/ERROR] 1280: Invalid enum
[17:53:30] [Client thread/ERROR] ########## GL ERROR ##########
[17:53:30] [Client thread/ERROR] @ Post render
[17:53:30] [Client thread/ERROR] 1280: Invalid enum
[17:53:31] [Client thread/ERROR] ########## GL ERROR ##########
[17:53:31] [Client thread/ERROR] @ Post render
[17:53:31] [Client thread/ERROR] 1280: Invalid enum
[17:53:31] [Client thread/ERROR] ########## GL ERROR ##########
[17:53:31] [Client thread/ERROR] @ Post render
[17:53:31] [Client thread/ERROR] 1280: Invalid enum
[17:53:31] [Client thread/ERROR] ########## GL ERROR ##########
[17:53:31] [Client thread/ERROR] @ Post render
[17:53:31] [Client thread/ERROR] 1280: Invalid enum
[17:53:31] [Client thread/ERROR] ########## GL ERROR ##########
[17:53:31] [Client thread/ERROR] @ Post render
[17:53:31] [Client thread/ERROR] 1280: Invalid enum
[17:53:31] [Client thread/ERROR] ########## GL ERROR ##########
[17:53:31] [Client thread/ERROR] @ Post render
[17:53:31] [Client thread/ERROR] 1280: Invalid enum
[17:53:31] [Client thread/ERROR] ########## GL ERROR ##########
[17:53:31] [Client thread/ERROR] @ Post render
[17:53:31] [Client thread/ERROR] 1280: Invalid enum
[17:53:31] [Client thread/ERROR] ########## GL ERROR ##########
[17:53:31] [Client thread/ERROR] @ Post render
[17:53:31] [Client thread/ERROR] 1280: Invalid enum
[17:53:31] [Client thread/ERROR] ########## GL ERROR ##########
[17:53:31] [Client thread/ERROR] @ Post render
[17:53:31] [Client thread/ERROR] 1280: Invalid enum
[17:53:31] [Client thread/ERROR] ########## GL ERROR ##########
[17:53:31] [Client thread/ERROR] @ Post render
[17:53:31] [Client thread/ERROR] 1280: Invalid enum
[17:53:31] [Client thread/ERROR] ########## GL ERROR ##########
[17:53:31] [Client thread/ERROR] @ Post render
[17:53:31] [Client thread/ERROR] 1280: Invalid enum
[17:53:31] [Server thread/INFO] Saving and pausing game...
[17:53:31] [Server thread/INFO] Saving chunks for level 'New World'/Overworld
[17:53:31] [Server thread/INFO] Saving chunks for level 'New World'/Nether
[17:53:31] [Server thread/INFO] Saving chunks for level 'New World'/The End
[17:53:31] [Client thread/ERROR] ########## GL ERROR ##########
[17:53:31] [Client thread/ERROR] @ Post render
[17:53:31] [Client thread/ERROR] 1280: Invalid enum
[17:53:32] [Client thread/ERROR] ########## GL ERROR ##########
[17:53:32] [Client thread/ERROR] @ Post render
[17:53:32] [Client thread/ERROR] 1280: Invalid enum
[17:53:32] [Client thread/ERROR] ########## GL ERROR ##########
[17:53:32] [Client thread/ERROR] @ Post render
[17:53:32] [Client thread/ERROR] 1280: Invalid enum
[17:53:32] [Client thread/ERROR] ########## GL ERROR ##########
[17:53:32] [Client thread/ERROR] @ Post render
[17:53:32] [Client thread/ERROR] 1280: Invalid enum
[17:53:32] [Client thread/ERROR] ########## GL ERROR ##########
[17:53:32] [Client thread/ERROR] @ Post render
[17:53:32] [Client thread/ERROR] 1280: Invalid enum
[17:53:32] [Client thread/ERROR] ########## GL ERROR ##########
[17:53:32] [Client thread/ERROR] @ Post render
[17:53:32] [Client thread/ERROR] 1280: Invalid enum
[17:53:32] [Client thread/ERROR] ########## GL ERROR ##########
[17:53:32] [Client thread/ERROR] @ Post render
[17:53:32] [Client thread/ERROR] 1280: Invalid enum
[17:53:32] [Client thread/ERROR] ########## GL ERROR ##########
[17:53:32] [Client thread/ERROR] @ Post render
[17:53:32] [Client thread/ERROR] 1280: Invalid enum
[17:53:32] [Client thread/ERROR] ########## GL ERROR ##########
[17:53:32] [Client thread/ERROR] @ Post render
[17:53:32] [Client thread/ERROR] 1280: Invalid enum
[17:53:33] [Client thread/ERROR] ########## GL ERROR ##########
[17:53:33] [Client thread/ERROR] @ Post render
[17:53:33] [Client thread/ERROR] 1280: Invalid enum
[17:53:33] [Client thread/ERROR] ########## GL ERROR ##########
[17:53:33] [Client thread/ERROR] @ Post render
[17:53:33] [Client thread/ERROR] 1280: Invalid enum
[17:53:33] [Client thread/ERROR] ########## GL ERROR ##########
[17:53:33] [Client thread/ERROR] @ Post render
[17:53:33] [Client thread/ERROR] 1280: Invalid enum
[17:53:33] [Server thread/INFO] Stopping server
[17:53:33] [Server thread/INFO] Saving players
[17:53:33] [Server thread/INFO] Saving worlds
[17:53:33] [Server thread/INFO] Saving chunks for level 'New World'/Overworld
[17:53:33] [Server thread/INFO] Saving chunks for level 'New World'/Nether
[17:53:33] [Server thread/INFO] Saving chunks for level 'New World'/The End
[17:53:35] [Client thread/INFO] Stopping!
[17:53:35] [Client thread/INFO] SoundSystem shutting down...
[17:53:35] [Client thread/WARN] Author: Paul Lamb, www.paulscode.com
